  PowerPuff.cpp
D:\Descargas\Practica6\ConfigInicial\Mesh.h(94,50): warning C4267: 'argumento': conversión de 'size_t' a 'GLsizei'; posible pérdida de datos
  (compilando archivo de origen "PowerPuff.cpp")
  
D:\Descargas\Practica6\ConfigInicial\PowerPuff.cpp(265,30): warning C4244: 'inicializando': conversión de 'double' a 'GLfloat'; posible pérdida de datos
D:\Descargas\Practica6\ConfigInicial\PowerPuff.cpp(303,27): warning C4244: '=': conversión de 'double' a 'T'; posible pérdida de datos
D:\Descargas\Practica6\ConfigInicial\PowerPuff.cpp(303,27): warning C4244:         with
D:\Descargas\Practica6\ConfigInicial\PowerPuff.cpp(303,27): warning C4244:         [
D:\Descargas\Practica6\ConfigInicial\PowerPuff.cpp(303,27): warning C4244:             T=float
D:\Descargas\Practica6\ConfigInicial\PowerPuff.cpp(303,27): warning C4244:         ]
D:\Descargas\Practica6\ConfigInicial\PowerPuff.cpp(304,27): warning C4244: '=': conversión de 'double' a 'T'; posible pérdida de datos
D:\Descargas\Practica6\ConfigInicial\PowerPuff.cpp(304,27): warning C4244:         with
D:\Descargas\Practica6\ConfigInicial\PowerPuff.cpp(304,27): warning C4244:         [
D:\Descargas\Practica6\ConfigInicial\PowerPuff.cpp(304,27): warning C4244:             T=float
D:\Descargas\Practica6\ConfigInicial\PowerPuff.cpp(304,27): warning C4244:         ]
D:\Descargas\Practica6\ConfigInicial\PowerPuff.cpp(305,27): warning C4244: '=': conversión de 'double' a 'T'; posible pérdida de datos
D:\Descargas\Practica6\ConfigInicial\PowerPuff.cpp(305,27): warning C4244:         with
D:\Descargas\Practica6\ConfigInicial\PowerPuff.cpp(305,27): warning C4244:         [
D:\Descargas\Practica6\ConfigInicial\PowerPuff.cpp(305,27): warning C4244:             T=float
D:\Descargas\Practica6\ConfigInicial\PowerPuff.cpp(305,27): warning C4244:         ]
D:\Descargas\Practica6\ConfigInicial\PowerPuff.cpp(1218,17): warning C4244: '=': conversión de 'double' a 'GLfloat'; posible pérdida de datos
D:\Descargas\Practica6\ConfigInicial\PowerPuff.cpp(1219,17): warning C4244: '=': conversión de 'double' a 'GLfloat'; posible pérdida de datos
D:\Descargas\Practica6\ConfigInicial\PowerPuff.cpp(1223,21): warning C4244: 'inicializando': conversión de 'double' a 'GLfloat'; posible pérdida de datos
D:\Descargas\Practica6\ConfigInicial\PowerPuff.cpp(1224,21): warning C4244: 'inicializando': conversión de 'double' a 'GLfloat'; posible pérdida de datos
D:\Descargas\Practica6\ConfigInicial\PowerPuff.cpp(1226,13): warning C4244: '=': conversión de 'double' a 'GLfloat'; posible pérdida de datos
D:\Descargas\Practica6\ConfigInicial\PowerPuff.cpp(1227,13): warning C4244: '=': conversión de 'double' a 'GLfloat'; posible pérdida de datos
PowerPuff.obj : error LNK2001: símbolo externo glfwSwapBuffers sin resolver
PowerPuff.obj : error LNK2001: símbolo externo __imp___glewEnableVertexAttribArray sin resolver
PowerPuff.obj : error LNK2001: símbolo externo __imp___glewBindVertexArray sin resolver
PowerPuff.obj : error LNK2001: símbolo externo __imp___glewUseProgram sin resolver
PowerPuff.obj : error LNK2001: símbolo externo __imp___glewVertexAttribPointer sin resolver
PowerPuff.obj : error LNK2001: símbolo externo __imp___glewGetShaderiv sin resolver
PowerPuff.obj : error LNK2001: símbolo externo __imp___glewCompileShader sin resolver
PowerPuff.obj : error LNK2001: símbolo externo aiGetMaterialTextureCount sin resolver
PowerPuff.obj : error LNK2001: símbolo externo __imp___glewCreateShader sin resolver
PowerPuff.obj : error LNK2001: símbolo externo __imp___glewBindBuffer sin resolver
PowerPuff.obj : error LNK2001: símbolo externo glfwGetTime sin resolver
PowerPuff.obj : error LNK2001: símbolo externo __imp___glewCreateProgram sin resolver
PowerPuff.obj : error LNK2001: símbolo externo __imp___glewUniform1i sin resolver
PowerPuff.obj : error LNK2001: símbolo externo stbi_load sin resolver
PowerPuff.obj : error LNK2001: símbolo externo __imp___glewGetShaderInfoLog sin resolver
PowerPuff.obj : error LNK2001: símbolo externo glfwGetFramebufferSize sin resolver
PowerPuff.obj : error LNK2001: símbolo externo __imp___glewGetProgramiv sin resolver
PowerPuff.obj : error LNK2001: símbolo externo glfwTerminate sin resolver
PowerPuff.obj : error LNK2001: símbolo externo SOIL_free_image_data sin resolver
PowerPuff.obj : error LNK2001: símbolo externo glfwPollEvents sin resolver
PowerPuff.obj : error LNK2001: símbolo externo glfwInit sin resolver
PowerPuff.obj : error LNK2001: símbolo externo SOIL_load_image sin resolver
PowerPuff.obj : error LNK2001: símbolo externo __imp___glewDeleteVertexArrays sin resolver
PowerPuff.obj : error LNK2001: símbolo externo glfwSetKeyCallback sin resolver
PowerPuff.obj : error LNK2001: símbolo externo glfwSetWindowShouldClose sin resolver
PowerPuff.obj : error LNK2001: símbolo externo __imp___glewUniform1f sin resolver
PowerPuff.obj : error LNK2001: símbolo externo glfwCreateWindow sin resolver
PowerPuff.obj : error LNK2001: símbolo externo __imp___glewGetUniformLocation sin resolver
PowerPuff.obj : error LNK2001: símbolo externo glfwMakeContextCurrent sin resolver
PowerPuff.obj : error LNK2001: símbolo externo __imp___glewBufferData sin resolver
PowerPuff.obj : error LNK2001: símbolo externo __imp___glewAttachShader sin resolver
PowerPuff.obj : error LNK2001: símbolo externo __imp___glewActiveTexture sin resolver
PowerPuff.obj : error LNK2001: símbolo externo stbi_image_free sin resolver
PowerPuff.obj : error LNK2001: símbolo externo __imp___glewShaderSource sin resolver
PowerPuff.obj : error LNK2001: símbolo externo __imp___glewGenVertexArrays sin resolver
PowerPuff.obj : error LNK2001: símbolo externo __imp___glewUniformMatrix4fv sin resolver
PowerPuff.obj : error LNK2001: símbolo externo "public: char const * __cdecl Assimp::Importer::GetErrorString(void)const " (?GetErrorString@Importer@Assimp@@QEBAPEBDXZ) sin resolver
PowerPuff.obj : error LNK2001: símbolo externo "public: struct aiScene const * __cdecl Assimp::Importer::ReadFile(char const *,unsigned int)" (?ReadFile@Importer@Assimp@@QEAAPEBUaiScene@@PEBDI@Z) sin resolver
PowerPuff.obj : error LNK2001: símbolo externo "public: __cdecl Assimp::Importer::~Importer(void)" (??1Importer@Assimp@@QEAA@XZ) sin resolver
PowerPuff.obj : error LNK2001: símbolo externo "public: __cdecl Assimp::Importer::Importer(void)" (??0Importer@Assimp@@QEAA@XZ) sin resolver
PowerPuff.obj : error LNK2001: símbolo externo aiGetMaterialTexture sin resolver
PowerPuff.obj : error LNK2001: símbolo externo __imp_glewExperimental sin resolver
PowerPuff.obj : error LNK2001: símbolo externo glfwSetCursorPosCallback sin resolver
PowerPuff.obj : error LNK2001: símbolo externo __imp___glewGetProgramInfoLog sin resolver
PowerPuff.obj : error LNK2001: símbolo externo __imp___glewGenBuffers sin resolver
PowerPuff.obj : error LNK2001: símbolo externo __imp___glewGenerateMipmap sin resolver
PowerPuff.obj : error LNK2001: símbolo externo __imp___glewUniform3f sin resolver
PowerPuff.obj : error LNK2001: símbolo externo stbi_set_flip_vertically_on_load sin resolver
PowerPuff.obj : error LNK2001: símbolo externo __imp___glewDeleteShader sin resolver
PowerPuff.obj : error LNK2001: símbolo externo __imp___glewLinkProgram sin resolver
PowerPuff.obj : error LNK2001: símbolo externo glfwWindowShouldClose sin resolver
PowerPuff.obj : error LNK2001: símbolo externo __imp_glewInit sin resolver
PowerPuff.obj : error LNK2001: símbolo externo __imp___glewDeleteBuffers sin resolver
D:\Descargas\Practica6\x64\Release\ConfigInicial.exe : fatal error LNK1120: 53 externos sin resolver
