  PowerPuff.cpp
D:\Descargas\Practica6\ConfigInicial\PowerPuff.cpp(213,30): warning C4244: 'inicializando': conversión de 'double' a 'GLfloat'; posible pérdida de datos
D:\Descargas\Practica6\ConfigInicial\PowerPuff.cpp(250,27): warning C4244: '=': conversión de 'double' a 'T'; posible pérdida de datos
D:\Descargas\Practica6\ConfigInicial\PowerPuff.cpp(250,27): warning C4244:         with
D:\Descargas\Practica6\ConfigInicial\PowerPuff.cpp(250,27): warning C4244:         [
D:\Descargas\Practica6\ConfigInicial\PowerPuff.cpp(250,27): warning C4244:             T=float
D:\Descargas\Practica6\ConfigInicial\PowerPuff.cpp(250,27): warning C4244:         ]
D:\Descargas\Practica6\ConfigInicial\PowerPuff.cpp(251,27): warning C4244: '=': conversión de 'double' a 'T'; posible pérdida de datos
D:\Descargas\Practica6\ConfigInicial\PowerPuff.cpp(251,27): warning C4244:         with
D:\Descargas\Practica6\ConfigInicial\PowerPuff.cpp(251,27): warning C4244:         [
D:\Descargas\Practica6\ConfigInicial\PowerPuff.cpp(251,27): warning C4244:             T=float
D:\Descargas\Practica6\ConfigInicial\PowerPuff.cpp(251,27): warning C4244:         ]
D:\Descargas\Practica6\ConfigInicial\PowerPuff.cpp(252,27): warning C4244: '=': conversión de 'double' a 'T'; posible pérdida de datos
D:\Descargas\Practica6\ConfigInicial\PowerPuff.cpp(252,27): warning C4244:         with
D:\Descargas\Practica6\ConfigInicial\PowerPuff.cpp(252,27): warning C4244:         [
D:\Descargas\Practica6\ConfigInicial\PowerPuff.cpp(252,27): warning C4244:             T=float
D:\Descargas\Practica6\ConfigInicial\PowerPuff.cpp(252,27): warning C4244:         ]
D:\Descargas\Practica6\ConfigInicial\PowerPuff.cpp(969,17): warning C4244: '=': conversión de 'double' a 'GLfloat'; posible pérdida de datos
D:\Descargas\Practica6\ConfigInicial\PowerPuff.cpp(970,17): warning C4244: '=': conversión de 'double' a 'GLfloat'; posible pérdida de datos
D:\Descargas\Practica6\ConfigInicial\PowerPuff.cpp(974,21): warning C4244: 'inicializando': conversión de 'double' a 'GLfloat'; posible pérdida de datos
D:\Descargas\Practica6\ConfigInicial\PowerPuff.cpp(975,21): warning C4244: 'inicializando': conversión de 'double' a 'GLfloat'; posible pérdida de datos
D:\Descargas\Practica6\ConfigInicial\PowerPuff.cpp(977,13): warning C4244: '=': conversión de 'double' a 'GLfloat'; posible pérdida de datos
D:\Descargas\Practica6\ConfigInicial\PowerPuff.cpp(978,13): warning C4244: '=': conversión de 'double' a 'GLfloat'; posible pérdida de datos
LINK : warning LNK4098: la biblioteca predeterminada'MSVCRT' entra en conflicto con otras bibliotecas; use la biblioteca /NODEFAULTLIB:biblioteca
soil2-debug.lib(etc1_utils.obj) : warning LNK4099: no se encontró PDB 'soil2-debug.pdb' con 'soil2-debug.lib(etc1_utils.obj)' o en 'D:\Descargas\Practica6\Debug\soil2-debug.pdb'; se vinculará el objeto sin tener en cuenta información de depuración
soil2-debug.lib(image_DXT.obj) : warning LNK4099: no se encontró PDB 'soil2-debug.pdb' con 'soil2-debug.lib(image_DXT.obj)' o en 'D:\Descargas\Practica6\Debug\soil2-debug.pdb'; se vinculará el objeto sin tener en cuenta información de depuración
soil2-debug.lib(image_helper.obj) : warning LNK4099: no se encontró PDB 'soil2-debug.pdb' con 'soil2-debug.lib(image_helper.obj)' o en 'D:\Descargas\Practica6\Debug\soil2-debug.pdb'; se vinculará el objeto sin tener en cuenta información de depuración
soil2-debug.lib(SOIL2.obj) : warning LNK4099: no se encontró PDB 'soil2-debug.pdb' con 'soil2-debug.lib(SOIL2.obj)' o en 'D:\Descargas\Practica6\Debug\soil2-debug.pdb'; se vinculará el objeto sin tener en cuenta información de depuración
  ConfigInicial.vcxproj -> D:\Descargas\Practica6\Debug\ConfigInicial.exe
