  PowerPuff.cpp
D:\Descargas\Practica6\ConfigInicial\PowerPuff.cpp(265,30): warning C4244: 'inicializando': conversión de 'double' a 'GLfloat'; posible pérdida de datos
D:\Descargas\Practica6\ConfigInicial\PowerPuff.cpp(303,27): warning C4244: '=': conversión de 'double' a 'T'; posible pérdida de datos
D:\Descargas\Practica6\ConfigInicial\PowerPuff.cpp(303,27): warning C4244:         with
D:\Descargas\Practica6\ConfigInicial\PowerPuff.cpp(303,27): warning C4244:         [
D:\Descargas\Practica6\ConfigInicial\PowerPuff.cpp(303,27): warning C4244:             T=float
D:\Descargas\Practica6\ConfigInicial\PowerPuff.cpp(303,27): warning C4244:         ]
D:\Descargas\Practica6\ConfigInicial\PowerPuff.cpp(304,27): warning C4244: '=': conversión de 'double' a 'T'; posible pérdida de datos
D:\Descargas\Practica6\ConfigInicial\PowerPuff.cpp(304,27): warning C4244:         with
D:\Descargas\Practica6\ConfigInicial\PowerPuff.cpp(304,27): warning C4244:         [
D:\Descargas\Practica6\ConfigInicial\PowerPuff.cpp(304,27): warning C4244:             T=float
D:\Descargas\Practica6\ConfigInicial\PowerPuff.cpp(304,27): warning C4244:         ]
D:\Descargas\Practica6\ConfigInicial\PowerPuff.cpp(305,27): warning C4244: '=': conversión de 'double' a 'T'; posible pérdida de datos
D:\Descargas\Practica6\ConfigInicial\PowerPuff.cpp(305,27): warning C4244:         with
D:\Descargas\Practica6\ConfigInicial\PowerPuff.cpp(305,27): warning C4244:         [
D:\Descargas\Practica6\ConfigInicial\PowerPuff.cpp(305,27): warning C4244:             T=float
D:\Descargas\Practica6\ConfigInicial\PowerPuff.cpp(305,27): warning C4244:         ]
D:\Descargas\Practica6\ConfigInicial\PowerPuff.cpp(1218,17): warning C4244: '=': conversión de 'double' a 'GLfloat'; posible pérdida de datos
D:\Descargas\Practica6\ConfigInicial\PowerPuff.cpp(1219,17): warning C4244: '=': conversión de 'double' a 'GLfloat'; posible pérdida de datos
D:\Descargas\Practica6\ConfigInicial\PowerPuff.cpp(1223,21): warning C4244: 'inicializando': conversión de 'double' a 'GLfloat'; posible pérdida de datos
D:\Descargas\Practica6\ConfigInicial\PowerPuff.cpp(1224,21): warning C4244: 'inicializando': conversión de 'double' a 'GLfloat'; posible pérdida de datos
D:\Descargas\Practica6\ConfigInicial\PowerPuff.cpp(1226,13): warning C4244: '=': conversión de 'double' a 'GLfloat'; posible pérdida de datos
D:\Descargas\Practica6\ConfigInicial\PowerPuff.cpp(1227,13): warning C4244: '=': conversión de 'double' a 'GLfloat'; posible pérdida de datos
soil2-debug.lib(SOIL2.obj) : warning LNK4075: se omite '/EDITANDCONTINUE' debido a la especificación '/OPT:ICF'
LINK : warning LNK4098: la biblioteca predeterminada'MSVCRTD' entra en conflicto con otras bibliotecas; use la biblioteca /NODEFAULTLIB:biblioteca
  Generando código
  Previous IPDB not found, fall back to full compilation.
  All 624 functions were compiled because no usable IPDB/IOBJ from previous compilation was found.
  Generación de código finalizada
soil2-debug.lib(etc1_utils.obj) : warning LNK4099: no se encontró PDB 'soil2-debug.pdb' con 'soil2-debug.lib(etc1_utils.obj)' o en 'D:\Descargas\Practica6\Release\soil2-debug.pdb'; se vinculará el objeto sin tener en cuenta información de depuración
soil2-debug.lib(image_DXT.obj) : warning LNK4099: no se encontró PDB 'soil2-debug.pdb' con 'soil2-debug.lib(image_DXT.obj)' o en 'D:\Descargas\Practica6\Release\soil2-debug.pdb'; se vinculará el objeto sin tener en cuenta información de depuración
soil2-debug.lib(image_helper.obj) : warning LNK4099: no se encontró PDB 'soil2-debug.pdb' con 'soil2-debug.lib(image_helper.obj)' o en 'D:\Descargas\Practica6\Release\soil2-debug.pdb'; se vinculará el objeto sin tener en cuenta información de depuración
soil2-debug.lib(SOIL2.obj) : warning LNK4099: no se encontró PDB 'soil2-debug.pdb' con 'soil2-debug.lib(SOIL2.obj)' o en 'D:\Descargas\Practica6\Release\soil2-debug.pdb'; se vinculará el objeto sin tener en cuenta información de depuración
  ConfigInicial.vcxproj -> D:\Descargas\Practica6\Release\ConfigInicial.exe
